Streaming transaction logs mentioning 535ydHRcLpUpsCqzHCs3Eg8DFWYKJpsk3qAVh9WqTf8n. Confirmed commitment
Transaction executed in slot 2:
  Signature: 3YHX95ib89zRgjnCZYvZq2U1GyvHyXAc57pTvoxsF13jHepAvnGvsQSwx7LeQABYc6AWs35MU5M4AfRSb52xYcYt
  Status: Ok
  Log Messages:
    Program 535ydHRcLpUpsCqzHCs3Eg8DFWYKJpsk3qAVh9WqTf8n invoke [1]
    Program log: Instruction: Create
    Program 11111111111111111111111111111111 invoke [2]
    Program 11111111111111111111111111111111 success
    Program 535ydHRcLpUpsCqzHCs3Eg8DFWYKJpsk3qAVh9WqTf8n consumed 7660 of 200000 compute units
    Program 535ydHRcLpUpsCqzHCs3Eg8DFWYKJpsk3qAVh9WqTf8n success
Transaction executed in slot 3:
  Signature: zPVJDX7dDx64AJmEELDBvvBxDQkPCkLHRZvn7sjjnB7ib1se7JhR7rvWzCQRSjjttzJEnwaYezNot8vqWbdY8LX
  Status: Ok
  Log Messages:
    Program 535ydHRcLpUpsCqzHCs3Eg8DFWYKJpsk3qAVh9WqTf8n invoke [1]
    Program log: Instruction: Add
    Program 535ydHRcLpUpsCqzHCs3Eg8DFWYKJpsk3qAVh9WqTf8n consumed 2055 of 200000 compute units
    Program 535ydHRcLpUpsCqzHCs3Eg8DFWYKJpsk3qAVh9WqTf8n success
Transaction executed in slot 4:
  Signature: 2Qn6oa8nPi8F5CZ6fwVxXhviiB2rUYfriGKd3ZrMRo3PUbtRffJH93oXJSfKrbzo5raPpxfXRBuVH2h4zEUbE6RY
  Status: Ok
  Log Messages:
    Program 535ydHRcLpUpsCqzHCs3Eg8DFWYKJpsk3qAVh9WqTf8n invoke [1]
    Program log: Instruction: Sub
    Program 535ydHRcLpUpsCqzHCs3Eg8DFWYKJpsk3qAVh9WqTf8n consumed 2052 of 200000 compute units
    Program 535ydHRcLpUpsCqzHCs3Eg8DFWYKJpsk3qAVh9WqTf8n success
Transaction executed in slot 5:
  Signature: 3iSvX8L6WZMK1fBbtrdd4UzfopV7Fw4X3Hu4MBcYKbPGGNZtrMScL3bqURNMJHzH3jJar3fonS7MwKiPhEuBLdMV
  Status: Ok
  Log Messages:
    Program 535ydHRcLpUpsCqzHCs3Eg8DFWYKJpsk3qAVh9WqTf8n invoke [1]
    Program log: Instruction: Mul
    Program 535ydHRcLpUpsCqzHCs3Eg8DFWYKJpsk3qAVh9WqTf8n consumed 2095 of 200000 compute units
    Program 535ydHRcLpUpsCqzHCs3Eg8DFWYKJpsk3qAVh9WqTf8n success
Transaction executed in slot 5:
  Signature: 5EmoB3bSeuYECDi6ihqyVpa2MW3cpzsGdrXaeE2AVAta7tD7oqmVVLY1tYcVcNNu3jXnjdjnxVuo17NyqKR14dJm
  Status: Ok
  Log Messages:
    Program 535ydHRcLpUpsCqzHCs3Eg8DFWYKJpsk3qAVh9WqTf8n invoke [1]
    Program log: Instruction: Div
    Program 535ydHRcLpUpsCqzHCs3Eg8DFWYKJpsk3qAVh9WqTf8n consumed 2083 of 200000 compute units
    Program 535ydHRcLpUpsCqzHCs3Eg8DFWYKJpsk3qAVh9WqTf8n success
Transaction executed in slot 6:
  Signature: 5EmoB3bSeuYECDi6ihqyVpa2MW3cpzsGdrXaeE2AVAta7tD7oqmVVLY1tYcVcNNu3jXnjdjnxVuo17NyqKR14dJm
  Status: Ok
  Log Messages:
    Program 535ydHRcLpUpsCqzHCs3Eg8DFWYKJpsk3qAVh9WqTf8n invoke [1]
    Program log: Instruction: Div
    Program 535ydHRcLpUpsCqzHCs3Eg8DFWYKJpsk3qAVh9WqTf8n consumed 2083 of 200000 compute units
    Program 535ydHRcLpUpsCqzHCs3Eg8DFWYKJpsk3qAVh9WqTf8n success
Transaction executed in slot 6:
  Signature: 2qqnMonjp6ybNiG5sXZ5NQwA4TEBLUdUBLCUKLTkPh1Xa95PWFyirWX7C6SgDC9eccAfFFCVwRP6Uh9wktwB2d1x
  Status: Ok
  Log Messages:
    Program 535ydHRcLpUpsCqzHCs3Eg8DFWYKJpsk3qAVh9WqTf8n invoke [1]
    Program log: Instruction: Div
    Program 535ydHRcLpUpsCqzHCs3Eg8DFWYKJpsk3qAVh9WqTf8n consumed 2045 of 200000 compute units
    Program 535ydHRcLpUpsCqzHCs3Eg8DFWYKJpsk3qAVh9WqTf8n success
Transaction executed in slot 7:
  Signature: 2qqnMonjp6ybNiG5sXZ5NQwA4TEBLUdUBLCUKLTkPh1Xa95PWFyirWX7C6SgDC9eccAfFFCVwRP6Uh9wktwB2d1x
  Status: Ok
  Log Messages:
    Program 535ydHRcLpUpsCqzHCs3Eg8DFWYKJpsk3qAVh9WqTf8n invoke [1]
    Program log: Instruction: Div
    Program 535ydHRcLpUpsCqzHCs3Eg8DFWYKJpsk3qAVh9WqTf8n consumed 2045 of 200000 compute units
    Program 535ydHRcLpUpsCqzHCs3Eg8DFWYKJpsk3qAVh9WqTf8n success
